4.000000000000000083e-02 -5.173174080146647480e-01
5.000000000000000278e-02 4.434014089707689621e-01
5.999999999999999778e-02 4.207785271566254481e-01
7.000000000000000666e-02 1.190393466244797360e-01
8.000000000000000167e-02 8.697922377611432276e-01
8.999999999999999667e-02 6.786982297820692844e-02
1.000000000000000056e-01 8.804020018644669321e-01
1.100000000000000006e-01 -1.860869121854055175e-01
1.199999999999999956e-01 6.063119667123784140e-01
1.300000000000000044e-01 5.881902139152400677e-01
1.400000000000000133e-01 5.203599185351102108e-01
1.499999999999999944e-01 7.921030503054523608e-01
1.600000000000000033e-01 -1.668353199333760806e-01
1.700000000000000122e-01 8.603195331074591223e-01
1.799999999999999933e-01 1.435012760488738826e+00
1.900000000000000022e-01 1.469346711907862035e+00
2.000000000000000111e-01 9.604645497759213280e-01
2.099999999999999922e-01 8.620874978540030709e-01
2.200000000000000011e-01 1.421984078486395742e-01
2.300000000000000100e-01 1.489432497050742210e+00
2.399999999999999911e-01 8.107297806705072718e-01
2.500000000000000000e-01 8.519493320017570426e-01
2.600000000000000089e-01 1.732022385002264020e+00
2.700000000000000178e-01 7.338735873182827829e-01
2.800000000000000266e-01 6.155457084841776672e-01
2.899999999999999800e-01 5.972268729387794073e-01
2.999999999999999889e-01 1.445158429364763020e+00
3.099999999999999978e-01 2.691305175129122818e-01
3.200000000000000067e-01 1.331861954094021527e+00
3.300000000000000155e-01 9.186162622821559820e-01
3.400000000000000244e-01 8.474826473038731267e-01
3.500000000000000333e-01 1.053788540998642276e+00
3.599999999999999867e-01 9.058427996812471461e-01
3.699999999999999956e-01 4.677941906785964554e-01
3.800000000000000044e-01 1.005051580655675014e+00
3.900000000000000133e-01 1.003805870005846756e+00
4.000000000000000222e-01 9.893318879843759905e-02
4.100000000000000311e-01 1.107489327663200296e+00
4.199999999999999845e-01 6.666659044085798680e-01
4.299999999999999933e-01 -1.518671353963456649e-01
4.400000000000000022e-01 1.015401555111079546e-01
4.500000000000000111e-01 1.496497209105009663e-01
4.600000000000000200e-01 1.812332420501664432e-01
4.700000000000000289e-01 -4.222020244807916933e-03
4.799999999999999822e-01 -5.465364543902753169e-01
4.899999999999999911e-01 9.184580265508417163e-02
5.000000000000000000e-01 -1.733141630463561345e-01
5.100000000000000089e-01 2.927061826800773092e-01
5.200000000000000178e-01 2.593506197746847652e-01
5.300000000000000266e-01 1.024911845600421922e-01
5.400000000000000355e-01 -1.366760758129463182e+00
5.500000000000000444e-01 1.401987298422769923e-01
5.600000000000000533e-01 -1.417746080839541012e+00
5.700000000000000622e-01 -6.157769902773433390e-01
5.799999999999999600e-01 -8.743673578023771764e-01
5.899999999999999689e-01 -9.859933765393453786e-01
5.999999999999999778e-01 -2.851149332299401373e-01
6.099999999999999867e-01 -5.913962748932598545e-01
6.199999999999999956e-01 -7.109713748671885325e-01
6.300000000000000044e-01 -1.152614300879168718e+00
6.400000000000000133e-01 -3.433696700053910922e-01
6.500000000000000222e-01 -7.289634531487521052e-01
6.600000000000000311e-01 -7.562637080819648583e-01
6.700000000000000400e-01 -1.927749807171884600e-01
6.800000000000000488e-01 -1.476564607296323661e+00
6.900000000000000577e-01 -1.480666319021075372e+00
7.000000000000000666e-01 -1.664037607429512233e+00
7.099999999999999645e-01 -1.125305460084405684e+00
7.199999999999999734e-01 -1.816282310741689221e+00
7.299999999999999822e-01 -2.237357984104053177e+00
7.399999999999999911e-01 -1.654704167587067953e+00
7.500000000000000000e-01 -1.427606228369164176e+00
7.600000000000000089e-01 -1.306321587673823892e+00
7.700000000000000178e-01 -1.349409265766037702e+00
7.800000000000000266e-01 -8.154625075928233491e-01
7.900000000000000355e-01 -1.213874051271842891e+00
8.000000000000000444e-01 -8.013809472240497334e-01
8.100000000000000533e-01 -1.940120451641685673e+00
8.200000000000000622e-01 -4.190192389187669675e-01
8.300000000000000711e-01 -8.395587552690735311e-01
8.399999999999999689e-01 -1.697697113237158772e-01
8.499999999999999778e-01 -5.126223683636667028e-01
8.599999999999999867e-01 -1.148829122625010468e+00
8.699999999999999956e-01 -9.608625688016282362e-01
8.800000000000000044e-01 -4.298543705943063120e-01
8.900000000000000133e-01 -9.084117791495096572e-01
9.000000000000000222e-01 2.117084496853438580e-01
9.100000000000000311e-01 -7.885173619008277734e-01
9.200000000000000400e-01 1.799937509392240953e-02
9.300000000000000488e-01 -5.521597027650156919e-01
9.400000000000000577e-01 -6.090941534252023448e-01
9.500000000000000666e-01 3.555254002400124458e-01
9.599999999999999645e-01 -2.173720811256956709e-01
9.699999999999999734e-01 -4.935848579108315093e-01
9.799999999999999822e-01 -5.568242843814650289e-01
9.899999999999999911e-01 9.287822616274431231e-02
1.000000000000000000e+00 -5.468933181188205817e-01
1.010000000000000009e+00 -4.407554228899627224e-01
1.020000000000000018e+00 3.665648303376466410e-01
1.030000000000000027e+00 -1.249600215334246145e-01
1.040000000000000036e+00 -1.155898199529726833e+00
1.050000000000000044e+00 3.345878320126596250e-01
1.060000000000000053e+00 4.497637025853749027e-01
1.070000000000000062e+00 1.080399636906875238e-01
1.080000000000000071e+00 -1.317573179298382469e-01
1.090000000000000080e+00 4.649983563642366979e-01
1.100000000000000089e+00 1.024413149229905784e+00
1.110000000000000098e+00 2.728946307316897357e-01
1.120000000000000107e+00 1.359977628118735904e-01
1.130000000000000115e+00 1.313052004790789429e+00
1.140000000000000124e+00 8.937732414923877933e-01
1.150000000000000133e+00 1.657034640226746181e+00
1.159999999999999920e+00 2.335204974319008420e-01
1.169999999999999929e+00 1.334455871460557663e+00
1.179999999999999938e+00 5.019875354535991985e-01
1.189999999999999947e+00 1.389527653770127547e+00
1.199999999999999956e+00 9.671646742216527537e-01
1.209999999999999964e+00 8.874308451364698591e-01
1.219999999999999973e+00 1.493908223136680924e+00
1.229999999999999982e+00 1.425373777020309207e+00
1.239999999999999991e+00 8.443131348363246413e-01
1.250000000000000000e+00 9.779676380096875565e-01
1.260000000000000009e+00 1.096333681822683648e+00
1.270000000000000018e+00 1.194515461903390641e+00
1.280000000000000027e+00 9.584518039649507770e-01
1.290000000000000036e+00 1.261359856417446634e+00
1.300000000000000044e+00 3.293842228061545363e-01
1.310000000000000053e+00 9.564700088478284012e-01
1.320000000000000062e+00 1.396245876212900860e+00
1.330000000000000071e+00 1.490977178028800809e+00
1.340000000000000080e+00 7.014326425781785002e-01
1.350000000000000089e+00 4.197341317110256931e-01
1.360000000000000098e+00 1.314536260520683175e+00
1.370000000000000107e+00 6.105453115016102883e-01
1.380000000000000115e+00 1.130274364794807251e+00
1.390000000000000124e+00 8.678546849222451565e-01
1.400000000000000133e+00 7.349254023791158552e-01
1.409999999999999920e+00 1.369507945779282476e-01
1.419999999999999929e+00 8.487547384170404108e-01
1.429999999999999938e+00 4.118154747021781081e-01
1.439999999999999947e+00 1.171149719570106829e+00
1.449999999999999956e+00 2.732983475589118028e-02
1.459999999999999964e+00 -7.859785627599977231e-02
1.469999999999999973e+00 4.908588934891001676e-01
1.479999999999999982e+00 7.960652295092234265e-01
1.489999999999999991e+00 -2.595953258764213123e-01
1.500000000000000000e+00 4.704373790165890523e-01
1.510000000000000009e+00 -3.189815630513140321e-01
1.520000000000000018e+00 8.234352717073505357e-01
1.530000000000000027e+00 -3.771502524050862615e-01
1.540000000000000036e+00 -2.623412268991290319e-01
1.550000000000000044e+00 -1.889512983423999315e-01
1.560000000000000053e+00 -6.717883403779201235e-02
1.570000000000000062e+00 4.803003789499935006e-01
1.580000000000000071e+00 -9.728041874758510676e-01
1.590000000000000080e+00 -9.140095561036802874e-01
1.600000000000000089e+00 -4.838998126251254916e-01
1.610000000000000098e+00 7.136571432915705948e-02
1.620000000000000107e+00 -7.001557579278017140e-02
1.630000000000000115e+00 -9.780556401052491466e-01
1.640000000000000124e+00 -6.832297699029593607e-01
1.650000000000000133e+00 -1.191881345412850068e+00
1.660000000000000142e+00 -2.287920605103593852e-01
1.669999999999999929e+00 -1.618891971441277722e+00
1.679999999999999938e+00 -9.927838352648072906e-01
1.689999999999999947e+00 -8.696945525887055384e-01
1.699999999999999956e+00 -2.102539439692002743e-01
1.709999999999999964e+00 -8.161249053296049105e-01
1.719999999999999973e+00 -7.232373151011756152e-01
1.729999999999999982e+00 -1.197357163739558583e+00
1.739999999999999991e+00 -8.427239750126882534e-01
1.750000000000000000e+00 -1.215042307246501085e+00
1.760000000000000009e+00 -1.662942080231653907e+00
1.770000000000000018e+00 -7.425191829227569817e-01
1.780000000000000027e+00 -1.152446448450923810e+00
1.790000000000000036e+00 -1.585133900068775192e+00
1.800000000000000044e+00 -3.985298646225484687e-01
1.810000000000000053e+00 -5.993622585767565125e-01
1.820000000000000062e+00 -1.231125360845498173e+00
1.830000000000000071e+00 -7.282237062597362032e-01
1.840000000000000080e+00 -6.169815086828118744e-01
1.850000000000000089e+00 -5.087186237756046170e-01
1.860000000000000098e+00 -4.221887990214256980e-02
1.870000000000000107e+00 -4.354552363973364093e-01
1.880000000000000115e+00 -1.013656938393554086e+00
1.890000000000000124e+00 -5.657094028062997770e-01
1.900000000000000133e+00 -7.314770899730649312e-02
1.910000000000000142e+00 -2.067760835023499388e-01
1.919999999999999929e+00 -8.561112722574120149e-01
1.929999999999999938e+00 -4.320872252332593200e-01
1.939999999999999947e+00 -2.599717557298843462e-01
1.949999999999999956e+00 -3.494133648731108099e-01
1.959999999999999964e+00 -5.941728314530216881e-01
1.969999999999999973e+00 3.711295986617707543e-01
1.979999999999999982e+00 9.298377067312380007e-01
1.989999999999999991e+00 -7.811774712204422322e-02
2.000000000000000000e+00 -4.735006322565557535e-01
2.010000000000000231e+00 1.457383043497899044e-01
2.020000000000000018e+00 7.159466428300104157e-01
2.030000000000000249e+00 4.925770477899854560e-03
2.040000000000000036e+00 6.897454909542267698e-01
2.049999999999999822e+00 4.930654324047372139e-01
2.060000000000000053e+00 9.535519991297715103e-01
2.069999999999999840e+00 -1.690448681596440350e-02
2.080000000000000071e+00 5.215959167571746491e-01
2.089999999999999858e+00 3.715242144353370080e-01
2.100000000000000089e+00 3.746378876085597609e-01
2.109999999999999876e+00 1.179312683101148451e+00
2.120000000000000107e+00 3.663691200694733086e-01
2.129999999999999893e+00 4.097841497664329591e-01
2.140000000000000124e+00 1.391695680795096202e+00
2.149999999999999911e+00 -4.315128593045512995e-01
2.160000000000000142e+00 8.314279770083495835e-01
2.169999999999999929e+00 2.912879810301027828e-01
2.180000000000000160e+00 1.355750821229447345e+00
2.189999999999999947e+00 1.645266827408859989e-01
2.200000000000000178e+00 -1.317673892703651317e-01
2.209999999999999964e+00 4.435372121819827207e-01
2.220000000000000195e+00 1.318928785115681679e+00
2.229999999999999982e+00 7.435574577080249492e-01
2.240000000000000213e+00 1.344855522948538606e+00
2.250000000000000000e+00 1.972777415364689313e-01
2.260000000000000231e+00 8.996748477420927204e-01
2.270000000000000018e+00 1.987245751844969766e+00
2.280000000000000249e+00 4.532626642580119825e-01
2.290000000000000036e+00 8.516734348340825322e-01
2.300000000000000266e+00 8.026466816531436788e-01
2.310000000000000053e+00 1.543229054788620269e+00
2.319999999999999840e+00 4.111478119918757779e-01
2.330000000000000071e+00 1.203987680840709062e+00
2.339999999999999858e+00 4.450407455378659893e-01
2.350000000000000089e+00 7.503777110141908180e-01
2.359999999999999876e+00 8.517144096770252748e-01
2.370000000000000107e+00 1.833700840806470778e+00
2.379999999999999893e+00 1.315676682792573882e+00
2.390000000000000124e+00 9.731321473612160045e-01
2.399999999999999911e+00 1.165917637114788352e+00
2.410000000000000142e+00 2.638368423805020901e-01
2.419999999999999929e+00 9.775277215994006008e-01
2.430000000000000160e+00 -5.366994510086481318e-01
2.439999999999999947e+00 8.918865237902033893e-01
2.450000000000000178e+00 -2.021488644054837969e-01
2.459999999999999964e+00 5.297984135764138847e-01
2.470000000000000195e+00 -9.878853587608575904e-01
2.479999999999999982e+00 2.535137671901120937e-01
2.490000000000000213e+00 -2.710936188069726360e-02
2.500000000000000000e+00 -6.524269340195193445e-01
2.510000000000000231e+00 7.955275972275519525e-01
2.520000000000000018e+00 6.310437264806708635e-01
2.530000000000000249e+00 7.816886983789435028e-01
2.540000000000000036e+00 2.378573283931089133e-01
2.550000000000000266e+00 -4.993015761876154479e-01
2.560000000000000053e+00 -3.377510894568992450e-01
2.569999999999999840e+00 -1.550526492947569834e-01
2.580000000000000071e+00 -3.217700027796251971e-01
2.589999999999999858e+00 -6.184292951828643803e-01
2.600000000000000089e+00 -2.573274689065461196e-01
2.609999999999999876e+00 -4.646223236013412583e-01
2.620000000000000107e+00 -1.324844683724258898e+00
2.629999999999999893e+00 -6.475734795891054940e-01
2.640000000000000124e+00 -9.351128741937284605e-01
2.649999999999999911e+00 -6.682094831271692126e-01
2.660000000000000142e+00 -1.446371893046541235e+00
2.669999999999999929e+00 9.874163937792868051e-02
2.680000000000000160e+00 -9.428278974001808033e-01
2.689999999999999947e+00 -1.022365341476452194e-01
2.700000000000000178e+00 -1.248306541808660963e+00
2.709999999999999964e+00 -2.183543530319412618e+00
2.720000000000000195e+00 -5.213313024065777679e-01
2.729999999999999982e+00 -8.368040463393660033e-01
2.740000000000000213e+00 -1.298018103021967962e+00
2.750000000000000000e+00 -2.855158917113274075e-01
2.760000000000000231e+00 -9.890251528124875957e-01
2.770000000000000018e+00 -6.131872054409164274e-01
2.780000000000000249e+00 -1.622304213486918556e+00
2.790000000000000036e+00 -1.215636906626475167e+00
2.800000000000000266e+00 -1.502588786389512876e+00
2.810000000000000053e+00 -1.417532453121591374e+00
2.819999999999999840e+00 -2.533907424812520404e-01
2.830000000000000071e+00 -1.333974613067573367e-01
2.839999999999999858e+00 -1.315884182850610262e+00
2.850000000000000089e+00 -5.745397821160441731e-01
2.859999999999999876e+00 -9.188624644172036504e-01
2.870000000000000107e+00 -7.904803421339601233e-01
2.879999999999999893e+00 -1.880010892229249664e-01
2.890000000000000124e+00 -1.646579375788346677e+00
2.899999999999999911e+00 -2.912334553631346079e-02
2.910000000000000142e+00 -3.928918744179342726e-01
2.919999999999999929e+00 -7.341691432373393944e-01
2.930000000000000160e+00 -7.732294257820351291e-01
2.939999999999999947e+00 -3.661814399255098884e-01
2.950000000000000178e+00 -4.884655645933219104e-01
2.959999999999999964e+00 -5.629650471659156663e-01
2.970000000000000195e+00 9.177942599683738267e-01
2.979999999999999982e+00 -7.478129180863537506e-01
2.990000000000000213e+00 1.142885735079954002e-01
3.000000000000000000e+00 6.998448596578753511e-01
3.010000000000000231e+00 -2.110169792933437594e-01
3.020000000000000018e+00 -1.047235770224650420e-01
3.030000000000000249e+00 2.179131346600238772e-01
3.040000000000000036e+00 3.317601239198242347e-01
3.050000000000000266e+00 5.066921622388180779e-01
3.060000000000000053e+00 -6.096293522700507728e-02
3.070000000000000284e+00 2.968803353075557538e-01
3.080000000000000071e+00 2.702998624496756319e-01
3.089999999999999858e+00 -5.239825532148412179e-02
3.100000000000000089e+00 1.215658540918301278e-01
3.109999999999999876e+00 4.766206859687250885e-01
3.120000000000000107e+00 4.306216897835643542e-01
3.129999999999999893e+00 9.841290501516013478e-01
3.140000000000000124e+00 4.187526106113872992e-01
3.149999999999999911e+00 1.293629688928148447e+00
3.160000000000000142e+00 1.180521440605360795e+00
3.169999999999999929e+00 1.963031191704991629e+00
3.180000000000000160e+00 4.377745404160109377e-01
3.189999999999999947e+00 1.101204195985104661e+00
3.200000000000000178e+00 1.428463809461142375e+00
3.209999999999999964e+00 7.754019488595786935e-01
3.220000000000000195e+00 2.866971485830793753e-02
3.229999999999999982e+00 7.707736110601388635e-01
3.240000000000000213e+00 6.413628337420449466e-01
3.250000000000000000e+00 5.978689117961371036e-01
3.260000000000000231e+00 5.386418833858241939e-01
3.270000000000000018e+00 1.658131514063018841e+00
3.280000000000000249e+00 9.178565345548637122e-01
3.290000000000000036e+00 9.703954858701778763e-01
3.300000000000000266e+00 1.306720972595401653e+00
3.310000000000000053e+00 5.771581670702666811e-01
3.320000000000000284e+00 1.130452305382205980e+00
3.330000000000000071e+00 1.169181777481262063e+00
3.339999999999999858e+00 3.966993884217004385e-01
3.350000000000000089e+00 9.525644393937939824e-01
3.359999999999999876e+00 6.570505733273600546e-01
3.370000000000000107e+00 -3.253525944351984833e-01
3.379999999999999893e+00 3.902076144199801977e-01
3.390000000000000124e+00 7.599228941448323837e-01
3.399999999999999911e+00 3.976978275568063825e-01
3.410000000000000142e+00 5.185370581302993775e-01
3.419999999999999929e+00 1.460252937597136924e+00
3.430000000000000160e+00 1.187165106968092632e+00
3.439999999999999947e+00 6.216250101403202333e-01
3.450000000000000178e+00 -4.173568460220528076e-01
3.459999999999999964e+00 -9.430533636383447993e-02
3.470000000000000195e+00 2.638431494184808601e-01
3.479999999999999982e+00 -1.981704734587656780e-01
3.490000000000000213e+00 -5.707060452958256924e-01
3.500000000000000000e+00 6.475099215423520960e-01
3.510000000000000231e+00 -6.833172134841164480e-03
3.520000000000000018e+00 -2.487653834322959001e-01
3.530000000000000249e+00 -1.225827086356130913e+00
3.540000000000000036e+00 -5.684001157937470516e-01
3.550000000000000266e+00 -1.051674022679027487e-01
3.560000000000000053e+00 -6.858791762069310627e-01
3.570000000000000284e+00 -4.903151831920276593e-01
3.580000000000000071e+00 -1.137413098760127195e+00
3.589999999999999858e+00 -2.305824103126954405e-01
3.600000000000000089e+00 -1.490087527114876131e+00
3.609999999999999876e+00 -4.515836993548893452e-01
3.620000000000000107e+00 -5.493350484734162986e-01
3.629999999999999893e+00 -3.634058247893614535e-01
3.640000000000000124e+00 -7.555153748270044822e-01
3.649999999999999911e+00 -9.390018616936439688e-01
3.660000000000000142e+00 -7.556226454026827577e-01
3.669999999999999929e+00 -8.687876805306297134e-01
3.680000000000000160e+00 -9.415042104689843594e-01
3.689999999999999947e+00 -2.844471317231734853e-01
